<?xml version="1.0" encoding="UTF-8"?>
<!-- Generated by org.testng.reporters.JUnitReportReporter -->
<testsuite hostname="Divya-PC" name="testingpages.EonHomePageTests" tests="1" failures="0" timestamp="4 Oct 2016 18:09:01 GMT" time="11.907" errors="0">
  <testcase name="verifyEonHomePage" time="11.907" classname="testingpages.EonHomePageTests"/>
</testsuite> <!-- testingpages.EonHomePageTests -->
