<?xml version="1.0" encoding="UTF-8"?>
<!-- Generated by org.testng.reporters.JUnitReportReporter -->
<testsuite hostname="Divya-PC" name="testingpages.EonRegisterTests" tests="1" failures="0" timestamp="6 Oct 2016 16:10:04 GMT" time="35.149" errors="0">
  <testcase name="verifyEonRegisterpagetext" time="35.149" classname="testingpages.EonRegisterTests"/>
</testsuite> <!-- testingpages.EonRegisterTests -->
