<?xml version="1.0" encoding="UTF-8"?>
<!-- Generated by org.testng.reporters.JUnitReportReporter -->
<testsuite hostname="Divya-PC" name="testingpages.EonLoginTests" tests="1" failures="0" timestamp="4 Oct 2016 19:27:16 GMT" time="11.854" errors="0">
  <testcase name="verifyEonLoginPageTitle" time="11.854" classname="testingpages.EonLoginTests"/>
</testsuite> <!-- testingpages.EonLoginTests -->
