<?xml version="1.0" encoding="UTF-8"?>
<!-- Generated by org.testng.reporters.JUnitReportReporter -->
<testsuite hostname="Divya-PC" name="testingpages.EonUserHomePageTests" tests="1" failures="0" timestamp="4 Oct 2016 18:09:01 GMT" time="13.669" errors="0">
  <testcase name="verifyEonUserHomePage" time="13.669" classname="testingpages.EonUserHomePageTests"/>
</testsuite> <!-- testingpages.EonUserHomePageTests -->
