<?xml version="1.0" encoding="UTF-8"?>
<!-- Generated by org.testng.reporters.JUnitReportReporter -->
<testsuite hostname="Divya-PC" name="testingpages.EonRegisterTests" tests="1" failures="0" timestamp="4 Oct 2016 19:27:16 GMT" time="9.700" errors="0">
  <testcase name="verifyEonRegisterPageTitle" time="9.700" classname="testingpages.EonRegisterTests"/>
</testsuite> <!-- testingpages.EonRegisterTests -->
