<?xml version="1.0" encoding="UTF-8"?>
<!-- Generated by org.testng.reporters.JUnitReportReporter -->
<testsuite hostname="Divya-PC" name="testingpages.EonLoginTests" tests="1" failures="0" timestamp="5 Oct 2016 13:33:25 GMT" time="11.040" errors="0">
  <testcase name="verifyEonLoginPageTitle" time="11.040" classname="testingpages.EonLoginTests"/>
</testsuite> <!-- testingpages.EonLoginTests -->
