<?xml version="1.0" encoding="UTF-8"?>
<!-- Generated by org.testng.reporters.JUnitReportReporter -->
<testsuite hostname="Divya-PC" name="testingpages.EonHomePageTests" tests="2" failures="0" timestamp="10 Oct 2016 14:26:01 GMT" time="35.609" errors="0">
  <testcase name="verifyLonginDisplayed" time="13.729" classname="testingpages.EonHomePageTests"/>
  <testcase name="verifyEonHomePage" time="21.880" classname="testingpages.EonHomePageTests"/>
</testsuite> <!-- testingpages.EonHomePageTests -->
